<?xml version="1.0" encoding="utf-8"?><testsuites name="pytest tests"><testsuite name="pytest" errors="0" failures="0" skipped="0" tests="19" time="3.445" timestamp="2026-05-01T04:19:28.844772+00:00" hostname="agent-env-e1ba6a56-1c1b-4f04-821f-be32e692848f"><testcase classname="backend.tests.test_playstation_api.TestRooms" name="test_list_rooms_returns_16" time="0.304" /><testcase classname="backend.tests.test_playstation_api.TestRooms" name="test_update_room" time="0.213" /><testcase classname="backend.tests.test_playstation_api.TestProducts" name="test_list_products" time="0.046" /><testcase classname="backend.tests.test_playstation_api.TestProducts" name="test_create_product" time="0.050" /><testcase classname="backend.tests.test_playstation_api.TestProducts" name="test_update_product" time="0.052" /><testcase classname="backend.tests.test_playstation_api.TestProducts" name="test_delete_product" time="0.093" /><testcase classname="backend.tests.test_playstation_api.TestSessionLifecycle" name="test_start_session" time="0.105" /><testcase classname="backend.tests.test_playstation_api.TestSessionLifecycle" name="test_double_start_returns_400" time="0.046" /><testcase classname="backend.tests.test_playstation_api.TestSessionLifecycle" name="test_get_active_session_with_live_costs" time="1.548" /><testcase classname="backend.tests.test_playstation_api.TestSessionLifecycle" name="test_add_item_decrements_stock" time="0.142" /><testcase classname="backend.tests.test_playstation_api.TestSessionLifecycle" name="test_remove_item_restores_stock" time="0.097" /><testcase classname="backend.tests.test_playstation_api.TestSessionLifecycle" name="test_stop_session" time="0.099" /><testcase classname="backend.tests.test_playstation_api.TestSessionLifecycle" name="test_history_contains_closed_session" time="0.048" /><testcase classname="backend.tests.test_playstation_api.TestCafeteria" name="test_standalone_sale_decrements_stock" time="0.173" /><testcase classname="backend.tests.test_playstation_api.TestCafeteria" name="test_empty_cart_400" time="0.045" /><testcase classname="backend.tests.test_playstation_api.TestReports" name="test_report_periods[today]" time="0.051" /><testcase classname="backend.tests.test_playstation_api.TestReports" name="test_report_periods[week]" time="0.049" /><testcase classname="backend.tests.test_playstation_api.TestReports" name="test_report_periods[month]" time="0.050" /><testcase classname="backend.tests.test_playstation_api.TestReports" name="test_report_periods[all]" time="0.049" /></testsuite></testsuites>