<?xml version="1.0" encoding="utf-8"?><testsuites name="pytest tests"><testsuite name="pytest" errors="0" failures="3" skipped="0" tests="31" time="4.122" timestamp="2026-05-01T04:45:06.398897+00:00" hostname="agent-env-e1ba6a56-1c1b-4f04-821f-be32e692848f"><testcase classname="backend.tests.test_playstation_api.TestRooms" name="test_list_rooms_returns_16" time="0.171" /><testcase classname="backend.tests.test_playstation_api.TestRooms" name="test_update_room" time="0.221" /><testcase classname="backend.tests.test_playstation_api.TestProducts" name="test_list_products" time="0.048" /><testcase classname="backend.tests.test_playstation_api.TestProducts" name="test_create_product" time="0.050" /><testcase classname="backend.tests.test_playstation_api.TestProducts" name="test_update_product" time="0.051" /><testcase classname="backend.tests.test_playstation_api.TestProducts" name="test_delete_product" time="0.097" /><testcase classname="backend.tests.test_playstation_api.TestSessionLifecycle" name="test_start_session" time="0.102" /><testcase classname="backend.tests.test_playstation_api.TestSessionLifecycle" name="test_double_start_returns_400" time="0.054" /><testcase classname="backend.tests.test_playstation_api.TestSessionLifecycle" name="test_get_active_session_with_live_costs" time="1.548" /><testcase classname="backend.tests.test_playstation_api.TestSessionLifecycle" name="test_add_item_decrements_stock" time="0.147" /><testcase classname="backend.tests.test_playstation_api.TestSessionLifecycle" name="test_remove_item_restores_stock" time="0.094" /><testcase classname="backend.tests.test_playstation_api.TestSessionLifecycle" name="test_stop_session" time="0.106" /><testcase classname="backend.tests.test_playstation_api.TestSessionLifecycle" name="test_history_contains_closed_session" time="0.047" /><testcase classname="backend.tests.test_playstation_api.TestCafeteria" name="test_standalone_sale_decrements_stock" time="0.139" /><testcase classname="backend.tests.test_playstation_api.TestCafeteria" name="test_empty_cart_400" time="0.060" /><testcase classname="backend.tests.test_playstation_api.TestReports" name="test_report_periods[today]" time="0.045" /><testcase classname="backend.tests.test_playstation_api.TestReports" name="test_report_periods[week]" time="0.045" /><testcase classname="backend.tests.test_playstation_api.TestReports" name="test_report_periods[month]" time="0.061" /><testcase classname="backend.tests.test_playstation_api.TestReports" name="test_report_periods[year]" time="0.050" /><testcase classname="backend.tests.test_playstation_api.TestReports" name="test_report_periods[all]" time="0.048" /><testcase classname="backend.tests.test_playstation_api.TestRoomsReport" name="test_rooms_report_returns_16_with_required_fields[today]" time="0.049" /><testcase classname="backend.tests.test_playstation_api.TestRoomsReport" name="test_rooms_report_returns_16_with_required_fields[week]" time="0.047" /><testcase classname="backend.tests.test_playstation_api.TestRoomsReport" name="test_rooms_report_returns_16_with_required_fields[month]" time="0.068" /><testcase classname="backend.tests.test_playstation_api.TestRoomsReport" name="test_rooms_report_returns_16_with_required_fields[year]" time="0.048" /><testcase classname="backend.tests.test_playstation_api.TestRoomsReport" name="test_rooms_report_returns_16_with_required_fields[all]" time="0.047" /><testcase classname="backend.tests.test_playstation_api.TestSessionTimesEdit" name="test_setup_active_and_closed_sessions" time="0.252" /><testcase classname="backend.tests.test_playstation_api.TestSessionTimesEdit" name="test_edit_active_backdates_start_and_recomputes" time="0.059"><failure message="AssertionError: {&quot;detail&quot;:&quot;Not Found&quot;}&#10;assert 404 == 200&#10; +  where 404 = &lt;Response [404]&gt;.status_code">backend/tests/test_playstation_api.py:252: in test_edit_active_backdates_start_and_recomputes
    assert r.status_code == 200, r.text
E   AssertionError: {"detail":"Not Found"}
E   assert 404 == 200
E    +  where 404 = &lt;Response [404]&gt;.status_code</failure></testcase><testcase classname="backend.tests.test_playstation_api.TestSessionTimesEdit" name="test_edit_closed_session_recomputes" time="0.048"><failure message="AssertionError: {&quot;detail&quot;:&quot;Not Found&quot;}&#10;assert 404 == 200&#10; +  where 404 = &lt;Response [404]&gt;.status_code">backend/tests/test_playstation_api.py:269: in test_edit_closed_session_recomputes
    assert r.status_code == 200, r.text
E   AssertionError: {"detail":"Not Found"}
E   assert 404 == 200
E    +  where 404 = &lt;Response [404]&gt;.status_code</failure></testcase><testcase classname="backend.tests.test_playstation_api.TestSessionTimesEdit" name="test_invalid_datetime_returns_400" time="0.049"><failure message="AssertionError: expected 400, got 404: {&quot;detail&quot;:&quot;Not Found&quot;}&#10;assert 404 == 400&#10; +  where 404 = &lt;Response [404]&gt;.status_code">backend/tests/test_playstation_api.py:279: in test_invalid_datetime_returns_400
    assert r.status_code == 400, f"expected 400, got {r.status_code}: {r.text}"
E   AssertionError: expected 400, got 404: {"detail":"Not Found"}
E   assert 404 == 400
E    +  where 404 = &lt;Response [404]&gt;.status_code</failure></testcase><testcase classname="backend.tests.test_playstation_api.TestSessionTimesEdit" name="test_session_not_found_returns_404" time="0.047" /><testcase classname="backend.tests.test_playstation_api.TestSessionTimesEdit" name="test_cleanup" time="0.048" /></testsuite></testsuites>